141114 09:38:08 mysqld_safe Starting mysqld daemon with databases from /Library/Application Support/appsolute/MAMP PRO/db/mysql
141114  9:38:08 [Warning] Using unique option prefix key_buffer instead of key_buffer_size is deprecated and will be removed in a future release. Please use the full name instead.
141114  9:38:08 [Warning] Setting lower_case_table_names=2 because file system for /Library/Application Support/appsolute/MAMP PRO/db/mysql/ is case insensitive
141114  9:38:08 [Note] Plugin 'FEDERATED' is disabled.
141114  9:38:08 InnoDB: The InnoDB memory heap is disabled
141114  9:38:08 InnoDB: Mutexes and rw_locks use GCC atomic builtins
141114  9:38:08 InnoDB: Compressed tables use zlib 1.2.3
141114  9:38:08 InnoDB: Initializing buffer pool, size = 128.0M
141114  9:38:08 InnoDB: Completed initialization of buffer pool
141114  9:38:08 InnoDB: highest supported file format is Barracuda.
141114  9:38:08  InnoDB: Waiting for the background threads to start
141114  9:38:09 InnoDB: 5.5.38 started; log sequence number 1595675
141114  9:38:09 [Note] Event Scheduler: Loaded 0 events
141114  9:38:09 [Note] /Applications/MAMP/Library/bin/mysqld: ready for connections.
Version: '5.5.38'  socket: '/Applications/MAMP/tmp/mysql/mysql.sock'  port: 0  Source distribution
141114  9:38:41 [Note] /Applications/MAMP/Library/bin/mysqld: Normal shutdown

141114  9:38:41 [Note] Event Scheduler: Purging the queue. 0 events
141114  9:38:41  InnoDB: Starting shutdown...
141114  9:38:41  InnoDB: Shutdown completed; log sequence number 1595675
141114  9:38:41 [Note] /Applications/MAMP/Library/bin/mysqld: Shutdown complete

141114 09:38:41 mysqld_safe mysqld from pid file /Applications/MAMP/tmp/mysql/mysql.pid ended
